{"/Users/sergiomasellis/Desktop/Gulp-Ember-App-Kit/build/assets/js/app.js":{"path":"/Users/sergiomasellis/Desktop/Gulp-Ember-App-Kit/build/assets/js/app.js","s":{"1":1,"2":0,"3":0,"4":1,"5":0,"6":0,"7":0,"8":1,"9":0,"10":1,"11":0,"12":1,"13":1,"14":1,"15":0,"16":1,"17":0,"18":0,"19":1,"20":0,"21":0,"22":1,"23":0,"24":0,"25":1,"26":0,"27":0,"28":1,"29":0,"30":0,"31":1,"32":0,"33":0,"34":0,"35":0,"36":0},"b":{"1":[0,0]},"f":{"1":0,"2":0,"3":0,"4":0,"5":0,"6":1,"7":0,"8":0,"9":0,"10":0,"11":0,"12":0,"13":0,"14":0,"15":0,"16":0,"17":0,"18":0},"fnMap":{"1":{"name":"(anonymous_1)","line":1,"loc":{"start":{"line":1,"column":75},"end":{"line":1,"column":90}}},"2":{"name":"(anonymous_2)","line":3,"loc":{"start":{"line":3,"column":35},"end":{"line":3,"column":46}}},"3":{"name":"(anonymous_3)","line":3,"loc":{"start":{"line":3,"column":94},"end":{"line":3,"column":104}}},"4":{"name":"(anonymous_4)","line":5,"loc":{"start":{"line":5,"column":49},"end":{"line":5,"column":60}}},"5":{"name":"(anonymous_5)","line":7,"loc":{"start":{"line":7,"column":50},"end":{"line":7,"column":61}}},"6":{"name":"(anonymous_6)","line":9,"loc":{"start":{"line":9,"column":53},"end":{"line":9,"column":64}}},"7":{"name":"(anonymous_7)","line":11,"loc":{"start":{"line":11,"column":52},"end":{"line":11,"column":63}}},"8":{"name":"(anonymous_8)","line":13,"loc":{"start":{"line":13,"column":48},"end":{"line":13,"column":59}}},"9":{"name":"(anonymous_9)","line":13,"loc":{"start":{"line":13,"column":119},"end":{"line":13,"column":129}}},"10":{"name":"(anonymous_10)","line":15,"loc":{"start":{"line":15,"column":68},"end":{"line":15,"column":79}}},"11":{"name":"(anonymous_11)","line":15,"loc":{"start":{"line":15,"column":164},"end":{"line":15,"column":175}}},"12":{"name":"(anonymous_12)","line":17,"loc":{"start":{"line":17,"column":101},"end":{"line":17,"column":116}}},"13":{"name":"(anonymous_13)","line":19,"loc":{"start":{"line":19,"column":41},"end":{"line":19,"column":52}}},"14":{"name":"(anonymous_14)","line":19,"loc":{"start":{"line":19,"column":105},"end":{"line":19,"column":115}}},"15":{"name":"(anonymous_15)","line":21,"loc":{"start":{"line":21,"column":39},"end":{"line":21,"column":50}}},"16":{"name":"(anonymous_16)","line":21,"loc":{"start":{"line":21,"column":77},"end":{"line":21,"column":87}}},"17":{"name":"(anonymous_17)","line":23,"loc":{"start":{"line":23,"column":46},"end":{"line":23,"column":57}}},"18":{"name":"(anonymous_18)","line":23,"loc":{"start":{"line":23,"column":106},"end":{"line":23,"column":116}}}},"statementMap":{"1":{"start":{"line":1,"column":0},"end":{"line":1,"column":232}},"2":{"start":{"line":1,"column":104},"end":{"line":1,"column":201}},"3":{"start":{"line":1,"column":201},"end":{"line":1,"column":229}},"4":{"start":{"line":3,"column":0},"end":{"line":3,"column":155}},"5":{"start":{"line":3,"column":60},"end":{"line":3,"column":88}},"6":{"start":{"line":3,"column":88},"end":{"line":3,"column":152}},"7":{"start":{"line":3,"column":105},"end":{"line":3,"column":135}},"8":{"start":{"line":5,"column":0},"end":{"line":5,"column":116}},"9":{"start":{"line":5,"column":74},"end":{"line":5,"column":113}},"10":{"start":{"line":7,"column":0},"end":{"line":7,"column":152}},"11":{"start":{"line":7,"column":75},"end":{"line":7,"column":149}},"12":{"start":{"line":9,"column":0},"end":{"line":9,"column":171}},"13":{"start":{"line":9,"column":78},"end":{"line":9,"column":168}},"14":{"start":{"line":11,"column":0},"end":{"line":11,"column":118}},"15":{"start":{"line":11,"column":77},"end":{"line":11,"column":115}},"16":{"start":{"line":13,"column":0},"end":{"line":13,"column":195}},"17":{"start":{"line":13,"column":73},"end":{"line":13,"column":192}},"18":{"start":{"line":13,"column":130},"end":{"line":13,"column":190}},"19":{"start":{"line":15,"column":0},"end":{"line":15,"column":230}},"20":{"start":{"line":15,"column":93},"end":{"line":15,"column":227}},"21":{"start":{"line":15,"column":176},"end":{"line":15,"column":225}},"22":{"start":{"line":17,"column":0},"end":{"line":17,"column":197}},"23":{"start":{"line":17,"column":130},"end":{"line":17,"column":169}},"24":{"start":{"line":17,"column":169},"end":{"line":17,"column":194}},"25":{"start":{"line":19,"column":0},"end":{"line":19,"column":151}},"26":{"start":{"line":19,"column":66},"end":{"line":19,"column":148}},"27":{"start":{"line":19,"column":116},"end":{"line":19,"column":145}},"28":{"start":{"line":21,"column":0},"end":{"line":21,"column":128}},"29":{"start":{"line":21,"column":64},"end":{"line":21,"column":125}},"30":{"start":{"line":21,"column":88},"end":{"line":21,"column":124}},"31":{"start":{"line":23,"column":0},"end":{"line":23,"column":250}},"32":{"start":{"line":23,"column":71},"end":{"line":23,"column":247}},"33":{"start":{"line":23,"column":117},"end":{"line":23,"column":235}},"34":{"start":{"line":23,"column":152},"end":{"line":23,"column":235}},"35":{"start":{"line":23,"column":194},"end":{"line":23,"column":235}},"36":{"start":{"line":23,"column":235},"end":{"line":23,"column":246}}},"branchMap":{"1":{"line":23,"type":"binary-expr","locations":[{"start":{"line":23,"column":194},"end":{"line":23,"column":217}},{"start":{"line":23,"column":219},"end":{"line":23,"column":234}}]}}}}